{
  "backend": [
    {
      "name": "Email Service Timeout Tests",
      "command": "python -m pytest backend/tests/test_timeout_scenarios.py -v",
      "cwd": ".",
      "requirement": "3.1",
      "success": false,
      "duration": 7.331606864929199,
      "stdout": "",
      "stderr": "C:\\Users\\FARJAD FARHAT\\AppData\\Roaming\\Python\\Python312\\site-packages\\_pytest\\config\\__init__.py:331: PluggyTeardownRaisedWarning: A plugin raised an exception during an old-style hookwrapper teardown.\nPlugin: helpconfig, Hook: pytest_cmdline_parse\nTypeError: ForwardRef._evaluate() missing 1 required keyword-only argument: 'recursive_guard'\nFor more information see https://pluggy.readthedocs.io/en/stable/api_reference.html#pluggy.PluggyTeardownRaisedWarning\n  config = pluginmanager.hook.pytest_cmdline_parse(\nTraceback (most recent call last):\n  File \"<frozen runpy>\", line 198, in _run_module_as_main\n  File \"<frozen runpy>\", line 88, in _run_code\n  File \"C:\\Users\\FARJAD FARHAT\\AppData\\Roaming\\Python\\Python312\\site-packages\\pytest\\__main__.py\", line 5, in <module>\n    raise SystemExit(pytest.console_main())\n                     ^^^^^^^^^^^^^^^^^^^^^\n  File \"C:\\Users\\FARJAD FARHAT\\AppData\\Roaming\\Python\\Python312\\site-packages\\_pytest\\config\\__init__.py\", line 192, in console_main\n    code = main()\n           ^^^^^^\n  File \"C:\\Users\\FARJAD FARHAT\\AppData\\Roaming\\Python\\Python312\\site-packages\\_pytest\\config\\__init__.py\", line 150, in main\n    config = _prepareconfig(args, plugins)\n             ^^^^^^^^^^^^^^^^^^^^^^^^^^^^^\n  File \"C:\\Users\\FARJAD FARHAT\\AppData\\Roaming\\Python\\Python312\\site-packages\\_pytest\\config\\__init__.py\", line 331, in _prepareconfig\n    config = pluginmanager.hook.pytest_cmdline_parse(\n             ^^^^^^^^^^^^^^^^^^^^^^^^^^^^^^^^^^^^^^^^\n  File \"C:\\Users\\FARJAD FARHAT\\AppData\\Roaming\\Python\\Python312\\site-packages\\pluggy\\_hooks.py\", line 512, in __call__\n    return self._hookexec(self.name, self._hookimpls.copy(), kwargs, firstresult)\n           ^^^^^^^^^^^^^^^^^^^^^^^^^^^^^^^^^^^^^^^^^^^^^^^^^^^^^^^^^^^^^^^^^^^^^^\n  File \"C:\\Users\\FARJAD FARHAT\\AppData\\Roaming\\Python\\Python312\\site-packages\\pluggy\\_manager.py\", line 120, in _hookexec\n    return self._inner_hookexec(hook_name, methods, kwargs, firstresult)\n           ^^^^^^^^^^^^^^^^^^^^^^^^^^^^^^^^^^^^^^^^^^^^^^^^^^^^^^^^^^^^^\n  File \"C:\\Users\\FARJAD FARHAT\\AppData\\Roaming\\Python\\Python312\\site-packages\\pluggy\\_callers.py\", line 167, in _multicall\n    raise exception\n  File \"C:\\Users\\FARJAD FARHAT\\AppData\\Roaming\\Python\\Python312\\site-packages\\pluggy\\_callers.py\", line 139, in _multicall\n    teardown.throw(exception)\n  File \"C:\\Users\\FARJAD FARHAT\\AppData\\Roaming\\Python\\Python312\\site-packages\\pluggy\\_callers.py\", line 43, in run_old_style_hookwrapper\n    teardown.send(result)\n  File \"C:\\Users\\FARJAD FARHAT\\AppData\\Roaming\\Python\\Python312\\site-packages\\_pytest\\helpconfig.py\", line 104, in pytest_cmdline_parse\n    config: Config = outcome.get_result()\n                     ^^^^^^^^^^^^^^^^^^^^\n  File \"C:\\Users\\FARJAD FARHAT\\AppData\\Roaming\\Python\\Python312\\site-packages\\pluggy\\_result.py\", line 103, in get_result\n    raise exc.with_traceback(tb)\n  File \"C:\\Users\\FARJAD FARHAT\\AppData\\Roaming\\Python\\Python312\\site-packages\\pluggy\\_callers.py\", line 38, in run_old_style_hookwrapper\n    res = yield\n          ^^^^^\n  File \"C:\\Users\\FARJAD FARHAT\\AppData\\Roaming\\Python\\Python312\\site-packages\\pluggy\\_callers.py\", line 121, in _multicall\n    res = hook_impl.function(*args)\n          ^^^^^^^^^^^^^^^^^^^^^^^^^\n  File \"C:\\Users\\FARJAD FARHAT\\AppData\\Roaming\\Python\\Python312\\site-packages\\_pytest\\config\\__init__.py\", line 1075, in pytest_cmdline_parse\n    self.parse(args)\n  File \"C:\\Users\\FARJAD FARHAT\\AppData\\Roaming\\Python\\Python312\\site-packages\\_pytest\\config\\__init__.py\", line 1425, in parse\n    self._preparse(args, addopts=addopts)\n  File \"C:\\Users\\FARJAD FARHAT\\AppData\\Roaming\\Python\\Python312\\site-packages\\_pytest\\config\\__init__.py\", line 1305, in _preparse\n    self.pluginmanager.load_setuptools_entrypoints(\"pytest11\")\n  File \"C:\\Users\\FARJAD FARHAT\\AppData\\Roaming\\Python\\Python312\\site-packages\\pluggy\\_manager.py\", line 416, in load_setuptools_entrypoints\n    plugin = ep.load()\n             ^^^^^^^^^\n  File \"C:\\Python312\\Lib\\importlib\\metadata\\__init__.py\", line 205, in load\n    module = import_module(match.group('module'))\n             ^^^^^^^^^^^^^^^^^^^^^^^^^^^^^^^^^^^^\n  File \"C:\\Python312\\Lib\\importlib\\__init__.py\", line 90, in import_module\n    return _bootstrap._gcd_import(name[level:], package, level)\n           ^^^^^^^^^^^^^^^^^^^^^^^^^^^^^^^^^^^^^^^^^^^^^^^^^^^^\n  File \"<frozen importlib._bootstrap>\", line 1387, in _gcd_import\n  File \"<frozen importlib._bootstrap>\", line 1360, in _find_and_load\n  File \"<frozen importlib._bootstrap>\", line 1331, in _find_and_load_unlocked\n  File \"<frozen importlib._bootstrap>\", line 935, in _load_unlocked\n  File \"C:\\Users\\FARJAD FARHAT\\AppData\\Roaming\\Python\\Python312\\site-packages\\_pytest\\assertion\\rewrite.py\", line 186, in exec_module\n    exec(co, module.__dict__)\n  File \"C:\\Users\\FARJAD FARHAT\\AppData\\Roaming\\Python\\Python312\\site-packages\\langsmith\\pytest_plugin.py\", line 14, in <module>\n    from langsmith import utils as ls_utils\n  File \"<frozen importlib._bootstrap>\", line 1360, in _find_and_load\n  File \"<frozen importlib._bootstrap>\", line 1331, in _find_and_load_unlocked\n  File \"<frozen importlib._bootstrap>\", line 935, in _load_unlocked\n  File \"C:\\Users\\FARJAD FARHAT\\AppData\\Roaming\\Python\\Python312\\site-packages\\_pytest\\assertion\\rewrite.py\", line 186, in exec_module\n    exec(co, module.__dict__)\n  File \"C:\\Users\\FARJAD FARHAT\\AppData\\Roaming\\Python\\Python312\\site-packages\\langsmith\\utils.py\", line 36, in <module>\n    from langsmith import schemas as ls_schemas\n  File \"<frozen importlib._bootstrap>\", line 1360, in _find_and_load\n  File \"<frozen importlib._bootstrap>\", line 1331, in _find_and_load_unlocked\n  File \"<frozen importlib._bootstrap>\", line 935, in _load_unlocked\n  File \"C:\\Users\\FARJAD FARHAT\\AppData\\Roaming\\Python\\Python312\\site-packages\\_pytest\\assertion\\rewrite.py\", line 186, in exec_module\n    exec(co, module.__dict__)\n  File \"C:\\Users\\FARJAD FARHAT\\AppData\\Roaming\\Python\\Python312\\site-packages\\langsmith\\schemas.py\", line 152, in <module>\n    class Example(ExampleBase):\n  File \"C:\\Users\\FARJAD FARHAT\\AppData\\Roaming\\Python\\Python312\\site-packages\\pydantic\\v1\\main.py\", line 286, in __new__\n    cls.__try_update_forward_refs__()\n  File \"C:\\Users\\FARJAD FARHAT\\AppData\\Roaming\\Python\\Python312\\site-packages\\pydantic\\v1\\main.py\", line 808, in __try_update_forward_refs__\n    update_model_forward_refs(cls, cls.__fields__.values(), cls.__config__.json_encoders, localns, (NameError,))\n  File \"C:\\Users\\FARJAD FARHAT\\AppData\\Roaming\\Python\\Python312\\site-packages\\pydantic\\v1\\typing.py\", line 554, in update_model_forward_refs\n    update_field_forward_refs(f, globalns=globalns, localns=localns)\n  File \"C:\\Users\\FARJAD FARHAT\\AppData\\Roaming\\Python\\Python312\\site-packages\\pydantic\\v1\\typing.py\", line 520, in update_field_forward_refs\n    field.type_ = evaluate_forwardref(field.type_, globalns, localns or None)\n                  ^^^^^^^^^^^^^^^^^^^^^^^^^^^^^^^^^^^^^^^^^^^^^^^^^^^^^^^^^^^\n  File \"C:\\Users\\FARJAD FARHAT\\AppData\\Roaming\\Python\\Python312\\site-packages\\pydantic\\v1\\typing.py\", line 66, in evaluate_forwardref\n    return cast(Any, type_)._evaluate(globalns, localns, set())\n           ^^^^^^^^^^^^^^^^^^^^^^^^^^^^^^^^^^^^^^^^^^^^^^^^^^^^\nTypeError: ForwardRef._evaluate() missing 1 required keyword-only argument: 'recursive_guard'\n",
      "return_code": 1
    },
    {
      "name": "Integration Timeout Tests",
      "command": "python -m pytest backend/tests/test_integration_timeout.py -v",
      "cwd": ".",
      "requirement": "1.1, 2.1, 3.1",
      "success": false,
      "duration": 6.711955785751343,
      "stdout": "",
      "stderr": "C:\\Users\\FARJAD FARHAT\\AppData\\Roaming\\Python\\Python312\\site-packages\\_pytest\\config\\__init__.py:331: PluggyTeardownRaisedWarning: A plugin raised an exception during an old-style hookwrapper teardown.\nPlugin: helpconfig, Hook: pytest_cmdline_parse\nTypeError: ForwardRef._evaluate() missing 1 required keyword-only argument: 'recursive_guard'\nFor more information see https://pluggy.readthedocs.io/en/stable/api_reference.html#pluggy.PluggyTeardownRaisedWarning\n  config = pluginmanager.hook.pytest_cmdline_parse(\nTraceback (most recent call last):\n  File \"<frozen runpy>\", line 198, in _run_module_as_main\n  File \"<frozen runpy>\", line 88, in _run_code\n  File \"C:\\Users\\FARJAD FARHAT\\AppData\\Roaming\\Python\\Python312\\site-packages\\pytest\\__main__.py\", line 5, in <module>\n    raise SystemExit(pytest.console_main())\n                     ^^^^^^^^^^^^^^^^^^^^^\n  File \"C:\\Users\\FARJAD FARHAT\\AppData\\Roaming\\Python\\Python312\\site-packages\\_pytest\\config\\__init__.py\", line 192, in console_main\n    code = main()\n           ^^^^^^\n  File \"C:\\Users\\FARJAD FARHAT\\AppData\\Roaming\\Python\\Python312\\site-packages\\_pytest\\config\\__init__.py\", line 150, in main\n    config = _prepareconfig(args, plugins)\n             ^^^^^^^^^^^^^^^^^^^^^^^^^^^^^\n  File \"C:\\Users\\FARJAD FARHAT\\AppData\\Roaming\\Python\\Python312\\site-packages\\_pytest\\config\\__init__.py\", line 331, in _prepareconfig\n    config = pluginmanager.hook.pytest_cmdline_parse(\n             ^^^^^^^^^^^^^^^^^^^^^^^^^^^^^^^^^^^^^^^^\n  File \"C:\\Users\\FARJAD FARHAT\\AppData\\Roaming\\Python\\Python312\\site-packages\\pluggy\\_hooks.py\", line 512, in __call__\n    return self._hookexec(self.name, self._hookimpls.copy(), kwargs, firstresult)\n           ^^^^^^^^^^^^^^^^^^^^^^^^^^^^^^^^^^^^^^^^^^^^^^^^^^^^^^^^^^^^^^^^^^^^^^\n  File \"C:\\Users\\FARJAD FARHAT\\AppData\\Roaming\\Python\\Python312\\site-packages\\pluggy\\_manager.py\", line 120, in _hookexec\n    return self._inner_hookexec(hook_name, methods, kwargs, firstresult)\n           ^^^^^^^^^^^^^^^^^^^^^^^^^^^^^^^^^^^^^^^^^^^^^^^^^^^^^^^^^^^^^\n  File \"C:\\Users\\FARJAD FARHAT\\AppData\\Roaming\\Python\\Python312\\site-packages\\pluggy\\_callers.py\", line 167, in _multicall\n    raise exception\n  File \"C:\\Users\\FARJAD FARHAT\\AppData\\Roaming\\Python\\Python312\\site-packages\\pluggy\\_callers.py\", line 139, in _multicall\n    teardown.throw(exception)\n  File \"C:\\Users\\FARJAD FARHAT\\AppData\\Roaming\\Python\\Python312\\site-packages\\pluggy\\_callers.py\", line 43, in run_old_style_hookwrapper\n    teardown.send(result)\n  File \"C:\\Users\\FARJAD FARHAT\\AppData\\Roaming\\Python\\Python312\\site-packages\\_pytest\\helpconfig.py\", line 104, in pytest_cmdline_parse\n    config: Config = outcome.get_result()\n                     ^^^^^^^^^^^^^^^^^^^^\n  File \"C:\\Users\\FARJAD FARHAT\\AppData\\Roaming\\Python\\Python312\\site-packages\\pluggy\\_result.py\", line 103, in get_result\n    raise exc.with_traceback(tb)\n  File \"C:\\Users\\FARJAD FARHAT\\AppData\\Roaming\\Python\\Python312\\site-packages\\pluggy\\_callers.py\", line 38, in run_old_style_hookwrapper\n    res = yield\n          ^^^^^\n  File \"C:\\Users\\FARJAD FARHAT\\AppData\\Roaming\\Python\\Python312\\site-packages\\pluggy\\_callers.py\", line 121, in _multicall\n    res = hook_impl.function(*args)\n          ^^^^^^^^^^^^^^^^^^^^^^^^^\n  File \"C:\\Users\\FARJAD FARHAT\\AppData\\Roaming\\Python\\Python312\\site-packages\\_pytest\\config\\__init__.py\", line 1075, in pytest_cmdline_parse\n    self.parse(args)\n  File \"C:\\Users\\FARJAD FARHAT\\AppData\\Roaming\\Python\\Python312\\site-packages\\_pytest\\config\\__init__.py\", line 1425, in parse\n    self._preparse(args, addopts=addopts)\n  File \"C:\\Users\\FARJAD FARHAT\\AppData\\Roaming\\Python\\Python312\\site-packages\\_pytest\\config\\__init__.py\", line 1305, in _preparse\n    self.pluginmanager.load_setuptools_entrypoints(\"pytest11\")\n  File \"C:\\Users\\FARJAD FARHAT\\AppData\\Roaming\\Python\\Python312\\site-packages\\pluggy\\_manager.py\", line 416, in load_setuptools_entrypoints\n    plugin = ep.load()\n             ^^^^^^^^^\n  File \"C:\\Python312\\Lib\\importlib\\metadata\\__init__.py\", line 205, in load\n    module = import_module(match.group('module'))\n             ^^^^^^^^^^^^^^^^^^^^^^^^^^^^^^^^^^^^\n  File \"C:\\Python312\\Lib\\importlib\\__init__.py\", line 90, in import_module\n    return _bootstrap._gcd_import(name[level:], package, level)\n           ^^^^^^^^^^^^^^^^^^^^^^^^^^^^^^^^^^^^^^^^^^^^^^^^^^^^\n  File \"<frozen importlib._bootstrap>\", line 1387, in _gcd_import\n  File \"<frozen importlib._bootstrap>\", line 1360, in _find_and_load\n  File \"<frozen importlib._bootstrap>\", line 1331, in _find_and_load_unlocked\n  File \"<frozen importlib._bootstrap>\", line 935, in _load_unlocked\n  File \"C:\\Users\\FARJAD FARHAT\\AppData\\Roaming\\Python\\Python312\\site-packages\\_pytest\\assertion\\rewrite.py\", line 186, in exec_module\n    exec(co, module.__dict__)\n  File \"C:\\Users\\FARJAD FARHAT\\AppData\\Roaming\\Python\\Python312\\site-packages\\langsmith\\pytest_plugin.py\", line 14, in <module>\n    from langsmith import utils as ls_utils\n  File \"<frozen importlib._bootstrap>\", line 1360, in _find_and_load\n  File \"<frozen importlib._bootstrap>\", line 1331, in _find_and_load_unlocked\n  File \"<frozen importlib._bootstrap>\", line 935, in _load_unlocked\n  File \"C:\\Users\\FARJAD FARHAT\\AppData\\Roaming\\Python\\Python312\\site-packages\\_pytest\\assertion\\rewrite.py\", line 186, in exec_module\n    exec(co, module.__dict__)\n  File \"C:\\Users\\FARJAD FARHAT\\AppData\\Roaming\\Python\\Python312\\site-packages\\langsmith\\utils.py\", line 36, in <module>\n    from langsmith import schemas as ls_schemas\n  File \"<frozen importlib._bootstrap>\", line 1360, in _find_and_load\n  File \"<frozen importlib._bootstrap>\", line 1331, in _find_and_load_unlocked\n  File \"<frozen importlib._bootstrap>\", line 935, in _load_unlocked\n  File \"C:\\Users\\FARJAD FARHAT\\AppData\\Roaming\\Python\\Python312\\site-packages\\_pytest\\assertion\\rewrite.py\", line 186, in exec_module\n    exec(co, module.__dict__)\n  File \"C:\\Users\\FARJAD FARHAT\\AppData\\Roaming\\Python\\Python312\\site-packages\\langsmith\\schemas.py\", line 152, in <module>\n    class Example(ExampleBase):\n  File \"C:\\Users\\FARJAD FARHAT\\AppData\\Roaming\\Python\\Python312\\site-packages\\pydantic\\v1\\main.py\", line 286, in __new__\n    cls.__try_update_forward_refs__()\n  File \"C:\\Users\\FARJAD FARHAT\\AppData\\Roaming\\Python\\Python312\\site-packages\\pydantic\\v1\\main.py\", line 808, in __try_update_forward_refs__\n    update_model_forward_refs(cls, cls.__fields__.values(), cls.__config__.json_encoders, localns, (NameError,))\n  File \"C:\\Users\\FARJAD FARHAT\\AppData\\Roaming\\Python\\Python312\\site-packages\\pydantic\\v1\\typing.py\", line 554, in update_model_forward_refs\n    update_field_forward_refs(f, globalns=globalns, localns=localns)\n  File \"C:\\Users\\FARJAD FARHAT\\AppData\\Roaming\\Python\\Python312\\site-packages\\pydantic\\v1\\typing.py\", line 520, in update_field_forward_refs\n    field.type_ = evaluate_forwardref(field.type_, globalns, localns or None)\n                  ^^^^^^^^^^^^^^^^^^^^^^^^^^^^^^^^^^^^^^^^^^^^^^^^^^^^^^^^^^^\n  File \"C:\\Users\\FARJAD FARHAT\\AppData\\Roaming\\Python\\Python312\\site-packages\\pydantic\\v1\\typing.py\", line 66, in evaluate_forwardref\n    return cast(Any, type_)._evaluate(globalns, localns, set())\n           ^^^^^^^^^^^^^^^^^^^^^^^^^^^^^^^^^^^^^^^^^^^^^^^^^^^^\nTypeError: ForwardRef._evaluate() missing 1 required keyword-only argument: 'recursive_guard'\n",
      "return_code": 1
    },
    {
      "name": "Auth Performance Tests",
      "command": "python -m pytest backend/tests/test_auth.py -v -k performance",
      "cwd": ".",
      "requirement": "2.1",
      "success": false,
      "duration": 6.694559335708618,
      "stdout": "",
      "stderr": "C:\\Users\\FARJAD FARHAT\\AppData\\Roaming\\Python\\Python312\\site-packages\\_pytest\\config\\__init__.py:331: PluggyTeardownRaisedWarning: A plugin raised an exception during an old-style hookwrapper teardown.\nPlugin: helpconfig, Hook: pytest_cmdline_parse\nTypeError: ForwardRef._evaluate() missing 1 required keyword-only argument: 'recursive_guard'\nFor more information see https://pluggy.readthedocs.io/en/stable/api_reference.html#pluggy.PluggyTeardownRaisedWarning\n  config = pluginmanager.hook.pytest_cmdline_parse(\nTraceback (most recent call last):\n  File \"<frozen runpy>\", line 198, in _run_module_as_main\n  File \"<frozen runpy>\", line 88, in _run_code\n  File \"C:\\Users\\FARJAD FARHAT\\AppData\\Roaming\\Python\\Python312\\site-packages\\pytest\\__main__.py\", line 5, in <module>\n    raise SystemExit(pytest.console_main())\n                     ^^^^^^^^^^^^^^^^^^^^^\n  File \"C:\\Users\\FARJAD FARHAT\\AppData\\Roaming\\Python\\Python312\\site-packages\\_pytest\\config\\__init__.py\", line 192, in console_main\n    code = main()\n           ^^^^^^\n  File \"C:\\Users\\FARJAD FARHAT\\AppData\\Roaming\\Python\\Python312\\site-packages\\_pytest\\config\\__init__.py\", line 150, in main\n    config = _prepareconfig(args, plugins)\n             ^^^^^^^^^^^^^^^^^^^^^^^^^^^^^\n  File \"C:\\Users\\FARJAD FARHAT\\AppData\\Roaming\\Python\\Python312\\site-packages\\_pytest\\config\\__init__.py\", line 331, in _prepareconfig\n    config = pluginmanager.hook.pytest_cmdline_parse(\n             ^^^^^^^^^^^^^^^^^^^^^^^^^^^^^^^^^^^^^^^^\n  File \"C:\\Users\\FARJAD FARHAT\\AppData\\Roaming\\Python\\Python312\\site-packages\\pluggy\\_hooks.py\", line 512, in __call__\n    return self._hookexec(self.name, self._hookimpls.copy(), kwargs, firstresult)\n           ^^^^^^^^^^^^^^^^^^^^^^^^^^^^^^^^^^^^^^^^^^^^^^^^^^^^^^^^^^^^^^^^^^^^^^\n  File \"C:\\Users\\FARJAD FARHAT\\AppData\\Roaming\\Python\\Python312\\site-packages\\pluggy\\_manager.py\", line 120, in _hookexec\n    return self._inner_hookexec(hook_name, methods, kwargs, firstresult)\n           ^^^^^^^^^^^^^^^^^^^^^^^^^^^^^^^^^^^^^^^^^^^^^^^^^^^^^^^^^^^^^\n  File \"C:\\Users\\FARJAD FARHAT\\AppData\\Roaming\\Python\\Python312\\site-packages\\pluggy\\_callers.py\", line 167, in _multicall\n    raise exception\n  File \"C:\\Users\\FARJAD FARHAT\\AppData\\Roaming\\Python\\Python312\\site-packages\\pluggy\\_callers.py\", line 139, in _multicall\n    teardown.throw(exception)\n  File \"C:\\Users\\FARJAD FARHAT\\AppData\\Roaming\\Python\\Python312\\site-packages\\pluggy\\_callers.py\", line 43, in run_old_style_hookwrapper\n    teardown.send(result)\n  File \"C:\\Users\\FARJAD FARHAT\\AppData\\Roaming\\Python\\Python312\\site-packages\\_pytest\\helpconfig.py\", line 104, in pytest_cmdline_parse\n    config: Config = outcome.get_result()\n                     ^^^^^^^^^^^^^^^^^^^^\n  File \"C:\\Users\\FARJAD FARHAT\\AppData\\Roaming\\Python\\Python312\\site-packages\\pluggy\\_result.py\", line 103, in get_result\n    raise exc.with_traceback(tb)\n  File \"C:\\Users\\FARJAD FARHAT\\AppData\\Roaming\\Python\\Python312\\site-packages\\pluggy\\_callers.py\", line 38, in run_old_style_hookwrapper\n    res = yield\n          ^^^^^\n  File \"C:\\Users\\FARJAD FARHAT\\AppData\\Roaming\\Python\\Python312\\site-packages\\pluggy\\_callers.py\", line 121, in _multicall\n    res = hook_impl.function(*args)\n          ^^^^^^^^^^^^^^^^^^^^^^^^^\n  File \"C:\\Users\\FARJAD FARHAT\\AppData\\Roaming\\Python\\Python312\\site-packages\\_pytest\\config\\__init__.py\", line 1075, in pytest_cmdline_parse\n    self.parse(args)\n  File \"C:\\Users\\FARJAD FARHAT\\AppData\\Roaming\\Python\\Python312\\site-packages\\_pytest\\config\\__init__.py\", line 1425, in parse\n    self._preparse(args, addopts=addopts)\n  File \"C:\\Users\\FARJAD FARHAT\\AppData\\Roaming\\Python\\Python312\\site-packages\\_pytest\\config\\__init__.py\", line 1305, in _preparse\n    self.pluginmanager.load_setuptools_entrypoints(\"pytest11\")\n  File \"C:\\Users\\FARJAD FARHAT\\AppData\\Roaming\\Python\\Python312\\site-packages\\pluggy\\_manager.py\", line 416, in load_setuptools_entrypoints\n    plugin = ep.load()\n             ^^^^^^^^^\n  File \"C:\\Python312\\Lib\\importlib\\metadata\\__init__.py\", line 205, in load\n    module = import_module(match.group('module'))\n             ^^^^^^^^^^^^^^^^^^^^^^^^^^^^^^^^^^^^\n  File \"C:\\Python312\\Lib\\importlib\\__init__.py\", line 90, in import_module\n    return _bootstrap._gcd_import(name[level:], package, level)\n           ^^^^^^^^^^^^^^^^^^^^^^^^^^^^^^^^^^^^^^^^^^^^^^^^^^^^\n  File \"<frozen importlib._bootstrap>\", line 1387, in _gcd_import\n  File \"<frozen importlib._bootstrap>\", line 1360, in _find_and_load\n  File \"<frozen importlib._bootstrap>\", line 1331, in _find_and_load_unlocked\n  File \"<frozen importlib._bootstrap>\", line 935, in _load_unlocked\n  File \"C:\\Users\\FARJAD FARHAT\\AppData\\Roaming\\Python\\Python312\\site-packages\\_pytest\\assertion\\rewrite.py\", line 186, in exec_module\n    exec(co, module.__dict__)\n  File \"C:\\Users\\FARJAD FARHAT\\AppData\\Roaming\\Python\\Python312\\site-packages\\langsmith\\pytest_plugin.py\", line 14, in <module>\n    from langsmith import utils as ls_utils\n  File \"<frozen importlib._bootstrap>\", line 1360, in _find_and_load\n  File \"<frozen importlib._bootstrap>\", line 1331, in _find_and_load_unlocked\n  File \"<frozen importlib._bootstrap>\", line 935, in _load_unlocked\n  File \"C:\\Users\\FARJAD FARHAT\\AppData\\Roaming\\Python\\Python312\\site-packages\\_pytest\\assertion\\rewrite.py\", line 186, in exec_module\n    exec(co, module.__dict__)\n  File \"C:\\Users\\FARJAD FARHAT\\AppData\\Roaming\\Python\\Python312\\site-packages\\langsmith\\utils.py\", line 36, in <module>\n    from langsmith import schemas as ls_schemas\n  File \"<frozen importlib._bootstrap>\", line 1360, in _find_and_load\n  File \"<frozen importlib._bootstrap>\", line 1331, in _find_and_load_unlocked\n  File \"<frozen importlib._bootstrap>\", line 935, in _load_unlocked\n  File \"C:\\Users\\FARJAD FARHAT\\AppData\\Roaming\\Python\\Python312\\site-packages\\_pytest\\assertion\\rewrite.py\", line 186, in exec_module\n    exec(co, module.__dict__)\n  File \"C:\\Users\\FARJAD FARHAT\\AppData\\Roaming\\Python\\Python312\\site-packages\\langsmith\\schemas.py\", line 152, in <module>\n    class Example(ExampleBase):\n  File \"C:\\Users\\FARJAD FARHAT\\AppData\\Roaming\\Python\\Python312\\site-packages\\pydantic\\v1\\main.py\", line 286, in __new__\n    cls.__try_update_forward_refs__()\n  File \"C:\\Users\\FARJAD FARHAT\\AppData\\Roaming\\Python\\Python312\\site-packages\\pydantic\\v1\\main.py\", line 808, in __try_update_forward_refs__\n    update_model_forward_refs(cls, cls.__fields__.values(), cls.__config__.json_encoders, localns, (NameError,))\n  File \"C:\\Users\\FARJAD FARHAT\\AppData\\Roaming\\Python\\Python312\\site-packages\\pydantic\\v1\\typing.py\", line 554, in update_model_forward_refs\n    update_field_forward_refs(f, globalns=globalns, localns=localns)\n  File \"C:\\Users\\FARJAD FARHAT\\AppData\\Roaming\\Python\\Python312\\site-packages\\pydantic\\v1\\typing.py\", line 520, in update_field_forward_refs\n    field.type_ = evaluate_forwardref(field.type_, globalns, localns or None)\n                  ^^^^^^^^^^^^^^^^^^^^^^^^^^^^^^^^^^^^^^^^^^^^^^^^^^^^^^^^^^^\n  File \"C:\\Users\\FARJAD FARHAT\\AppData\\Roaming\\Python\\Python312\\site-packages\\pydantic\\v1\\typing.py\", line 66, in evaluate_forwardref\n    return cast(Any, type_)._evaluate(globalns, localns, set())\n           ^^^^^^^^^^^^^^^^^^^^^^^^^^^^^^^^^^^^^^^^^^^^^^^^^^^^\nTypeError: ForwardRef._evaluate() missing 1 required keyword-only argument: 'recursive_guard'\n",
      "return_code": 1
    }
  ],
  "mobile": [
    {
      "name": "Auth Timeout Tests",
      "command": "npm test src/__tests__/timeout/auth-timeout.test.ts -- --run",
      "cwd": "mobile",
      "requirement": "4.1, 4.2",
      "success": false,
      "duration": 0.03552412986755371,
      "error": "[WinError 2] The system cannot find the file specified",
      "return_code": -1
    },
    {
      "name": "Auth Performance Tests",
      "command": "npm test src/__tests__/performance/auth-performance.test.ts -- --run",
      "cwd": "mobile",
      "requirement": "4.1, 4.2, 4.3",
      "success": false,
      "duration": 0.03267216682434082,
      "error": "[WinError 2] The system cannot find the file specified",
      "return_code": -1
    },
    {
      "name": "Error Handler Tests",
      "command": "npm test src/__tests__/utils/errorHandler.test.ts -- --run",
      "cwd": "mobile",
      "requirement": "4.2",
      "success": false,
      "duration": 0.07015752792358398,
      "error": "[WinError 2] The system cannot find the file specified",
      "return_code": -1
    },
    {
      "name": "Retry Logic Tests",
      "command": "npm test src/__tests__/utils/retry.test.ts -- --run",
      "cwd": "mobile",
      "requirement": "4.3",
      "success": false,
      "duration": 0.03716683387756348,
      "error": "[WinError 2] The system cannot find the file specified",
      "return_code": -1
    }
  ],
  "integration": [
    {
      "name": "End-to-End Timeout Scenarios",
      "command": "python -m pytest backend/tests/test_integration_timeout.py::TestEndToEndTimeoutScenarios -v",
      "cwd": ".",
      "requirement": "1.1, 2.1, 3.1, 4.2",
      "success": false,
      "duration": 6.458706378936768,
      "stdout": "",
      "stderr": "C:\\Users\\FARJAD FARHAT\\AppData\\Roaming\\Python\\Python312\\site-packages\\_pytest\\config\\__init__.py:331: PluggyTeardownRaisedWarning: A plugin raised an exception during an old-style hookwrapper teardown.\nPlugin: helpconfig, Hook: pytest_cmdline_parse\nTypeError: ForwardRef._evaluate() missing 1 required keyword-only argument: 'recursive_guard'\nFor more information see https://pluggy.readthedocs.io/en/stable/api_reference.html#pluggy.PluggyTeardownRaisedWarning\n  config = pluginmanager.hook.pytest_cmdline_parse(\nTraceback (most recent call last):\n  File \"<frozen runpy>\", line 198, in _run_module_as_main\n  File \"<frozen runpy>\", line 88, in _run_code\n  File \"C:\\Users\\FARJAD FARHAT\\AppData\\Roaming\\Python\\Python312\\site-packages\\pytest\\__main__.py\", line 5, in <module>\n    raise SystemExit(pytest.console_main())\n                     ^^^^^^^^^^^^^^^^^^^^^\n  File \"C:\\Users\\FARJAD FARHAT\\AppData\\Roaming\\Python\\Python312\\site-packages\\_pytest\\config\\__init__.py\", line 192, in console_main\n    code = main()\n           ^^^^^^\n  File \"C:\\Users\\FARJAD FARHAT\\AppData\\Roaming\\Python\\Python312\\site-packages\\_pytest\\config\\__init__.py\", line 150, in main\n    config = _prepareconfig(args, plugins)\n             ^^^^^^^^^^^^^^^^^^^^^^^^^^^^^\n  File \"C:\\Users\\FARJAD FARHAT\\AppData\\Roaming\\Python\\Python312\\site-packages\\_pytest\\config\\__init__.py\", line 331, in _prepareconfig\n    config = pluginmanager.hook.pytest_cmdline_parse(\n             ^^^^^^^^^^^^^^^^^^^^^^^^^^^^^^^^^^^^^^^^\n  File \"C:\\Users\\FARJAD FARHAT\\AppData\\Roaming\\Python\\Python312\\site-packages\\pluggy\\_hooks.py\", line 512, in __call__\n    return self._hookexec(self.name, self._hookimpls.copy(), kwargs, firstresult)\n           ^^^^^^^^^^^^^^^^^^^^^^^^^^^^^^^^^^^^^^^^^^^^^^^^^^^^^^^^^^^^^^^^^^^^^^\n  File \"C:\\Users\\FARJAD FARHAT\\AppData\\Roaming\\Python\\Python312\\site-packages\\pluggy\\_manager.py\", line 120, in _hookexec\n    return self._inner_hookexec(hook_name, methods, kwargs, firstresult)\n           ^^^^^^^^^^^^^^^^^^^^^^^^^^^^^^^^^^^^^^^^^^^^^^^^^^^^^^^^^^^^^\n  File \"C:\\Users\\FARJAD FARHAT\\AppData\\Roaming\\Python\\Python312\\site-packages\\pluggy\\_callers.py\", line 167, in _multicall\n    raise exception\n  File \"C:\\Users\\FARJAD FARHAT\\AppData\\Roaming\\Python\\Python312\\site-packages\\pluggy\\_callers.py\", line 139, in _multicall\n    teardown.throw(exception)\n  File \"C:\\Users\\FARJAD FARHAT\\AppData\\Roaming\\Python\\Python312\\site-packages\\pluggy\\_callers.py\", line 43, in run_old_style_hookwrapper\n    teardown.send(result)\n  File \"C:\\Users\\FARJAD FARHAT\\AppData\\Roaming\\Python\\Python312\\site-packages\\_pytest\\helpconfig.py\", line 104, in pytest_cmdline_parse\n    config: Config = outcome.get_result()\n                     ^^^^^^^^^^^^^^^^^^^^\n  File \"C:\\Users\\FARJAD FARHAT\\AppData\\Roaming\\Python\\Python312\\site-packages\\pluggy\\_result.py\", line 103, in get_result\n    raise exc.with_traceback(tb)\n  File \"C:\\Users\\FARJAD FARHAT\\AppData\\Roaming\\Python\\Python312\\site-packages\\pluggy\\_callers.py\", line 38, in run_old_style_hookwrapper\n    res = yield\n          ^^^^^\n  File \"C:\\Users\\FARJAD FARHAT\\AppData\\Roaming\\Python\\Python312\\site-packages\\pluggy\\_callers.py\", line 121, in _multicall\n    res = hook_impl.function(*args)\n          ^^^^^^^^^^^^^^^^^^^^^^^^^\n  File \"C:\\Users\\FARJAD FARHAT\\AppData\\Roaming\\Python\\Python312\\site-packages\\_pytest\\config\\__init__.py\", line 1075, in pytest_cmdline_parse\n    self.parse(args)\n  File \"C:\\Users\\FARJAD FARHAT\\AppData\\Roaming\\Python\\Python312\\site-packages\\_pytest\\config\\__init__.py\", line 1425, in parse\n    self._preparse(args, addopts=addopts)\n  File \"C:\\Users\\FARJAD FARHAT\\AppData\\Roaming\\Python\\Python312\\site-packages\\_pytest\\config\\__init__.py\", line 1305, in _preparse\n    self.pluginmanager.load_setuptools_entrypoints(\"pytest11\")\n  File \"C:\\Users\\FARJAD FARHAT\\AppData\\Roaming\\Python\\Python312\\site-packages\\pluggy\\_manager.py\", line 416, in load_setuptools_entrypoints\n    plugin = ep.load()\n             ^^^^^^^^^\n  File \"C:\\Python312\\Lib\\importlib\\metadata\\__init__.py\", line 205, in load\n    module = import_module(match.group('module'))\n             ^^^^^^^^^^^^^^^^^^^^^^^^^^^^^^^^^^^^\n  File \"C:\\Python312\\Lib\\importlib\\__init__.py\", line 90, in import_module\n    return _bootstrap._gcd_import(name[level:], package, level)\n           ^^^^^^^^^^^^^^^^^^^^^^^^^^^^^^^^^^^^^^^^^^^^^^^^^^^^\n  File \"<frozen importlib._bootstrap>\", line 1387, in _gcd_import\n  File \"<frozen importlib._bootstrap>\", line 1360, in _find_and_load\n  File \"<frozen importlib._bootstrap>\", line 1331, in _find_and_load_unlocked\n  File \"<frozen importlib._bootstrap>\", line 935, in _load_unlocked\n  File \"C:\\Users\\FARJAD FARHAT\\AppData\\Roaming\\Python\\Python312\\site-packages\\_pytest\\assertion\\rewrite.py\", line 186, in exec_module\n    exec(co, module.__dict__)\n  File \"C:\\Users\\FARJAD FARHAT\\AppData\\Roaming\\Python\\Python312\\site-packages\\langsmith\\pytest_plugin.py\", line 14, in <module>\n    from langsmith import utils as ls_utils\n  File \"<frozen importlib._bootstrap>\", line 1360, in _find_and_load\n  File \"<frozen importlib._bootstrap>\", line 1331, in _find_and_load_unlocked\n  File \"<frozen importlib._bootstrap>\", line 935, in _load_unlocked\n  File \"C:\\Users\\FARJAD FARHAT\\AppData\\Roaming\\Python\\Python312\\site-packages\\_pytest\\assertion\\rewrite.py\", line 186, in exec_module\n    exec(co, module.__dict__)\n  File \"C:\\Users\\FARJAD FARHAT\\AppData\\Roaming\\Python\\Python312\\site-packages\\langsmith\\utils.py\", line 36, in <module>\n    from langsmith import schemas as ls_schemas\n  File \"<frozen importlib._bootstrap>\", line 1360, in _find_and_load\n  File \"<frozen importlib._bootstrap>\", line 1331, in _find_and_load_unlocked\n  File \"<frozen importlib._bootstrap>\", line 935, in _load_unlocked\n  File \"C:\\Users\\FARJAD FARHAT\\AppData\\Roaming\\Python\\Python312\\site-packages\\_pytest\\assertion\\rewrite.py\", line 186, in exec_module\n    exec(co, module.__dict__)\n  File \"C:\\Users\\FARJAD FARHAT\\AppData\\Roaming\\Python\\Python312\\site-packages\\langsmith\\schemas.py\", line 152, in <module>\n    class Example(ExampleBase):\n  File \"C:\\Users\\FARJAD FARHAT\\AppData\\Roaming\\Python\\Python312\\site-packages\\pydantic\\v1\\main.py\", line 286, in __new__\n    cls.__try_update_forward_refs__()\n  File \"C:\\Users\\FARJAD FARHAT\\AppData\\Roaming\\Python\\Python312\\site-packages\\pydantic\\v1\\main.py\", line 808, in __try_update_forward_refs__\n    update_model_forward_refs(cls, cls.__fields__.values(), cls.__config__.json_encoders, localns, (NameError,))\n  File \"C:\\Users\\FARJAD FARHAT\\AppData\\Roaming\\Python\\Python312\\site-packages\\pydantic\\v1\\typing.py\", line 554, in update_model_forward_refs\n    update_field_forward_refs(f, globalns=globalns, localns=localns)\n  File \"C:\\Users\\FARJAD FARHAT\\AppData\\Roaming\\Python\\Python312\\site-packages\\pydantic\\v1\\typing.py\", line 520, in update_field_forward_refs\n    field.type_ = evaluate_forwardref(field.type_, globalns, localns or None)\n                  ^^^^^^^^^^^^^^^^^^^^^^^^^^^^^^^^^^^^^^^^^^^^^^^^^^^^^^^^^^^\n  File \"C:\\Users\\FARJAD FARHAT\\AppData\\Roaming\\Python\\Python312\\site-packages\\pydantic\\v1\\typing.py\", line 66, in evaluate_forwardref\n    return cast(Any, type_)._evaluate(globalns, localns, set())\n           ^^^^^^^^^^^^^^^^^^^^^^^^^^^^^^^^^^^^^^^^^^^^^^^^^^^^\nTypeError: ForwardRef._evaluate() missing 1 required keyword-only argument: 'recursive_guard'\n",
      "return_code": 1
    },
    {
      "name": "Development Mode Integration",
      "command": "python -m pytest backend/tests/test_integration_timeout.py::TestDevelopmentModeIntegration -v",
      "cwd": ".",
      "requirement": "3.1",
      "success": false,
      "duration": 6.36893892288208,
      "stdout": "",
      "stderr": "C:\\Users\\FARJAD FARHAT\\AppData\\Roaming\\Python\\Python312\\site-packages\\_pytest\\config\\__init__.py:331: PluggyTeardownRaisedWarning: A plugin raised an exception during an old-style hookwrapper teardown.\nPlugin: helpconfig, Hook: pytest_cmdline_parse\nTypeError: ForwardRef._evaluate() missing 1 required keyword-only argument: 'recursive_guard'\nFor more information see https://pluggy.readthedocs.io/en/stable/api_reference.html#pluggy.PluggyTeardownRaisedWarning\n  config = pluginmanager.hook.pytest_cmdline_parse(\nTraceback (most recent call last):\n  File \"<frozen runpy>\", line 198, in _run_module_as_main\n  File \"<frozen runpy>\", line 88, in _run_code\n  File \"C:\\Users\\FARJAD FARHAT\\AppData\\Roaming\\Python\\Python312\\site-packages\\pytest\\__main__.py\", line 5, in <module>\n    raise SystemExit(pytest.console_main())\n                     ^^^^^^^^^^^^^^^^^^^^^\n  File \"C:\\Users\\FARJAD FARHAT\\AppData\\Roaming\\Python\\Python312\\site-packages\\_pytest\\config\\__init__.py\", line 192, in console_main\n    code = main()\n           ^^^^^^\n  File \"C:\\Users\\FARJAD FARHAT\\AppData\\Roaming\\Python\\Python312\\site-packages\\_pytest\\config\\__init__.py\", line 150, in main\n    config = _prepareconfig(args, plugins)\n             ^^^^^^^^^^^^^^^^^^^^^^^^^^^^^\n  File \"C:\\Users\\FARJAD FARHAT\\AppData\\Roaming\\Python\\Python312\\site-packages\\_pytest\\config\\__init__.py\", line 331, in _prepareconfig\n    config = pluginmanager.hook.pytest_cmdline_parse(\n             ^^^^^^^^^^^^^^^^^^^^^^^^^^^^^^^^^^^^^^^^\n  File \"C:\\Users\\FARJAD FARHAT\\AppData\\Roaming\\Python\\Python312\\site-packages\\pluggy\\_hooks.py\", line 512, in __call__\n    return self._hookexec(self.name, self._hookimpls.copy(), kwargs, firstresult)\n           ^^^^^^^^^^^^^^^^^^^^^^^^^^^^^^^^^^^^^^^^^^^^^^^^^^^^^^^^^^^^^^^^^^^^^^\n  File \"C:\\Users\\FARJAD FARHAT\\AppData\\Roaming\\Python\\Python312\\site-packages\\pluggy\\_manager.py\", line 120, in _hookexec\n    return self._inner_hookexec(hook_name, methods, kwargs, firstresult)\n           ^^^^^^^^^^^^^^^^^^^^^^^^^^^^^^^^^^^^^^^^^^^^^^^^^^^^^^^^^^^^^\n  File \"C:\\Users\\FARJAD FARHAT\\AppData\\Roaming\\Python\\Python312\\site-packages\\pluggy\\_callers.py\", line 167, in _multicall\n    raise exception\n  File \"C:\\Users\\FARJAD FARHAT\\AppData\\Roaming\\Python\\Python312\\site-packages\\pluggy\\_callers.py\", line 139, in _multicall\n    teardown.throw(exception)\n  File \"C:\\Users\\FARJAD FARHAT\\AppData\\Roaming\\Python\\Python312\\site-packages\\pluggy\\_callers.py\", line 43, in run_old_style_hookwrapper\n    teardown.send(result)\n  File \"C:\\Users\\FARJAD FARHAT\\AppData\\Roaming\\Python\\Python312\\site-packages\\_pytest\\helpconfig.py\", line 104, in pytest_cmdline_parse\n    config: Config = outcome.get_result()\n                     ^^^^^^^^^^^^^^^^^^^^\n  File \"C:\\Users\\FARJAD FARHAT\\AppData\\Roaming\\Python\\Python312\\site-packages\\pluggy\\_result.py\", line 103, in get_result\n    raise exc.with_traceback(tb)\n  File \"C:\\Users\\FARJAD FARHAT\\AppData\\Roaming\\Python\\Python312\\site-packages\\pluggy\\_callers.py\", line 38, in run_old_style_hookwrapper\n    res = yield\n          ^^^^^\n  File \"C:\\Users\\FARJAD FARHAT\\AppData\\Roaming\\Python\\Python312\\site-packages\\pluggy\\_callers.py\", line 121, in _multicall\n    res = hook_impl.function(*args)\n          ^^^^^^^^^^^^^^^^^^^^^^^^^\n  File \"C:\\Users\\FARJAD FARHAT\\AppData\\Roaming\\Python\\Python312\\site-packages\\_pytest\\config\\__init__.py\", line 1075, in pytest_cmdline_parse\n    self.parse(args)\n  File \"C:\\Users\\FARJAD FARHAT\\AppData\\Roaming\\Python\\Python312\\site-packages\\_pytest\\config\\__init__.py\", line 1425, in parse\n    self._preparse(args, addopts=addopts)\n  File \"C:\\Users\\FARJAD FARHAT\\AppData\\Roaming\\Python\\Python312\\site-packages\\_pytest\\config\\__init__.py\", line 1305, in _preparse\n    self.pluginmanager.load_setuptools_entrypoints(\"pytest11\")\n  File \"C:\\Users\\FARJAD FARHAT\\AppData\\Roaming\\Python\\Python312\\site-packages\\pluggy\\_manager.py\", line 416, in load_setuptools_entrypoints\n    plugin = ep.load()\n             ^^^^^^^^^\n  File \"C:\\Python312\\Lib\\importlib\\metadata\\__init__.py\", line 205, in load\n    module = import_module(match.group('module'))\n             ^^^^^^^^^^^^^^^^^^^^^^^^^^^^^^^^^^^^\n  File \"C:\\Python312\\Lib\\importlib\\__init__.py\", line 90, in import_module\n    return _bootstrap._gcd_import(name[level:], package, level)\n           ^^^^^^^^^^^^^^^^^^^^^^^^^^^^^^^^^^^^^^^^^^^^^^^^^^^^\n  File \"<frozen importlib._bootstrap>\", line 1387, in _gcd_import\n  File \"<frozen importlib._bootstrap>\", line 1360, in _find_and_load\n  File \"<frozen importlib._bootstrap>\", line 1331, in _find_and_load_unlocked\n  File \"<frozen importlib._bootstrap>\", line 935, in _load_unlocked\n  File \"C:\\Users\\FARJAD FARHAT\\AppData\\Roaming\\Python\\Python312\\site-packages\\_pytest\\assertion\\rewrite.py\", line 186, in exec_module\n    exec(co, module.__dict__)\n  File \"C:\\Users\\FARJAD FARHAT\\AppData\\Roaming\\Python\\Python312\\site-packages\\langsmith\\pytest_plugin.py\", line 14, in <module>\n    from langsmith import utils as ls_utils\n  File \"<frozen importlib._bootstrap>\", line 1360, in _find_and_load\n  File \"<frozen importlib._bootstrap>\", line 1331, in _find_and_load_unlocked\n  File \"<frozen importlib._bootstrap>\", line 935, in _load_unlocked\n  File \"C:\\Users\\FARJAD FARHAT\\AppData\\Roaming\\Python\\Python312\\site-packages\\_pytest\\assertion\\rewrite.py\", line 186, in exec_module\n    exec(co, module.__dict__)\n  File \"C:\\Users\\FARJAD FARHAT\\AppData\\Roaming\\Python\\Python312\\site-packages\\langsmith\\utils.py\", line 36, in <module>\n    from langsmith import schemas as ls_schemas\n  File \"<frozen importlib._bootstrap>\", line 1360, in _find_and_load\n  File \"<frozen importlib._bootstrap>\", line 1331, in _find_and_load_unlocked\n  File \"<frozen importlib._bootstrap>\", line 935, in _load_unlocked\n  File \"C:\\Users\\FARJAD FARHAT\\AppData\\Roaming\\Python\\Python312\\site-packages\\_pytest\\assertion\\rewrite.py\", line 186, in exec_module\n    exec(co, module.__dict__)\n  File \"C:\\Users\\FARJAD FARHAT\\AppData\\Roaming\\Python\\Python312\\site-packages\\langsmith\\schemas.py\", line 152, in <module>\n    class Example(ExampleBase):\n  File \"C:\\Users\\FARJAD FARHAT\\AppData\\Roaming\\Python\\Python312\\site-packages\\pydantic\\v1\\main.py\", line 286, in __new__\n    cls.__try_update_forward_refs__()\n  File \"C:\\Users\\FARJAD FARHAT\\AppData\\Roaming\\Python\\Python312\\site-packages\\pydantic\\v1\\main.py\", line 808, in __try_update_forward_refs__\n    update_model_forward_refs(cls, cls.__fields__.values(), cls.__config__.json_encoders, localns, (NameError,))\n  File \"C:\\Users\\FARJAD FARHAT\\AppData\\Roaming\\Python\\Python312\\site-packages\\pydantic\\v1\\typing.py\", line 554, in update_model_forward_refs\n    update_field_forward_refs(f, globalns=globalns, localns=localns)\n  File \"C:\\Users\\FARJAD FARHAT\\AppData\\Roaming\\Python\\Python312\\site-packages\\pydantic\\v1\\typing.py\", line 520, in update_field_forward_refs\n    field.type_ = evaluate_forwardref(field.type_, globalns, localns or None)\n                  ^^^^^^^^^^^^^^^^^^^^^^^^^^^^^^^^^^^^^^^^^^^^^^^^^^^^^^^^^^^\n  File \"C:\\Users\\FARJAD FARHAT\\AppData\\Roaming\\Python\\Python312\\site-packages\\pydantic\\v1\\typing.py\", line 66, in evaluate_forwardref\n    return cast(Any, type_)._evaluate(globalns, localns, set())\n           ^^^^^^^^^^^^^^^^^^^^^^^^^^^^^^^^^^^^^^^^^^^^^^^^^^^^\nTypeError: ForwardRef._evaluate() missing 1 required keyword-only argument: 'recursive_guard'\n",
      "return_code": 1
    }
  ],
  "performance_validation": {
    "name": "Performance Validation Suite",
    "command": "python backend/tests/test_performance_validation.py",
    "cwd": ".",
    "requirement": "1.1, 2.1, 3.1, 4.2",
    "success": false,
    "duration": 2.885660171508789,
    "stdout": "",
    "stderr": "Traceback (most recent call last):\n  File \"D:\\HandworkMarketplace\\backend\\tests\\test_performance_validation.py\", line 15, in <module>\n    from app.core.config import settings\nModuleNotFoundError: No module named 'app'\n",
    "return_code": 1
  },
  "summary": {
    "total_tests": 10,
    "passed_tests": 0,
    "success_rate": 0.0,
    "total_duration": 36.67450308799744,
    "requirements_compliance": {
      "1.1": false,
      "2.1": false,
      "3.1": false,
      "4.2": false
    },
    "overall_pass": false
  }
}